<?xml version="1.0" encoding="UTF-8"?>
<!-- Generated by org.testng.reporters.JUnitXMLReporter -->
<testsuite hostname="LAPTOP-5FTUQUAP" ignored="0" name="Default test" tests="3" failures="0" timestamp="05 Mar 2021 14:42:33 GMT" time="8.523" errors="0">
  <testcase name="Login" time="0.781" classname="GenericExamples.User"/>
  <testcase name="AddToCart" time="0.161" classname="GenericExamples.User"/>
  <testcase name="CheckOut" time="1.125" classname="GenericExamples.User"/>
</testsuite> <!-- Default test -->
