<?xml version="1.0" encoding="UTF-8"?>
<!-- Generated by org.testng.reporters.JUnitXMLReporter -->
<testsuite hostname="LAPTOP-5FTUQUAP" ignored="0" name="Test" tests="3" failures="0" timestamp="11 Mar 2021 08:50:46 GMT" time="26.747" errors="0">
  <testcase name="PageTitleTest" time="0.308" classname="com.sunil.tests.ixigoHome"/>
  <testcase name="SearchFlightandVerify" time="16.613" classname="com.sunil.tests.ixigoHome"/>
  <testcase name="PrintAirlineDetails" time="9.495" classname="com.sunil.tests.ixigoHome"/>
</testsuite> <!-- Test -->
